<?xml version="1.0" encoding="UTF-8"?>
<testng-results ignored="0" total="1" passed="1" failed="0" skipped="0">
  <reporter-output>
  </reporter-output>
  <suite started-at="2021-07-17T23:36:16 IST" name="Default suite" finished-at="2021-07-17T23:36:16 IST" duration-ms="58">
    <groups>
    </groups>
    <test started-at="2021-07-17T23:36:16 IST" name="Default test" finished-at="2021-07-17T23:36:16 IST" duration-ms="58">
      <class name="javaExercise.TestNgDemo">
        <test-method signature="launchGoogle()[pri:0, instance:javaExercise.TestNgDemo@26275bef]" started-at="2021-07-17T23:36:16 IST" name="launchGoogle" finished-at="2021-07-17T23:36:16 IST" duration-ms="26" status="PASS">
          <reporter-output>
          </reporter-output>
        </test-method> <!-- launchGoogle -->
      </class> <!-- javaExercise.TestNgDemo -->
    </test> <!-- Default test -->
  </suite> <!-- Default suite -->
</testng-results>
